<?xml version="1.0" encoding="UTF-8"?>
<testsuite name="ohtu.KauppaTest" tests="5" skipped="0" failures="0" errors="0" timestamp="2017-11-25T15:02:36" hostname="fuxi16" time="0.459">
  <properties/>
  <testcase name="ostoksenPaaytyttyaPankinMetodiaTilisiirtoKutsutaanKaksiSamaaTuotetta" classname="ohtu.KauppaTest" time="0.454"/>
  <testcase name="ostoksenPaaytyttyaPankinMetodiaTilisiirtoKutsutaanKaksiTuotettaToinenLoppu" classname="ohtu.KauppaTest" time="0.001"/>
  <testcase name="ostoksenPaaytyttyaPankinMetodiaTilisiirtoKutsutaan" classname="ohtu.KauppaTest" time="0.001"/>
  <testcase name="ostoksenPaaytyttyaPankinMetodiaTilisiirtoKutsutaanKaksiEriTuotetta" classname="ohtu.KauppaTest" time="0.001"/>
  <testcase name="aloitaAsiointiNollaaEdellisenOstoksenTiedot" classname="ohtu.KauppaTest" time="0.001"/>
  <system-out><![CDATA[]]></system-out>
  <system-err><![CDATA[]]></system-err>
</testsuite>
